  Gameplay.cpp
C:\Users\Carlos\source\repos\SFMLTRY\SFMLTRY\Gameplay.cpp(17,15): warning C4244: 'argument': conversion from 'time_t' to 'unsigned int', possible loss of data
C:\Users\Carlos\source\repos\SFMLTRY\SFMLTRY\Gameplay.cpp(26,37): error C2065: 'GRASS': undeclared identifier
C:\Users\Carlos\source\repos\SFMLTRY\SFMLTRY\Gameplay.cpp(27,37): error C2065: 'FOOD': undeclared identifier
C:\Users\Carlos\source\repos\SFMLTRY\SFMLTRY\Gameplay.cpp(28,37): error C2065: 'WALL': undeclared identifier
C:\Users\Carlos\source\repos\SFMLTRY\SFMLTRY\Gameplay.cpp(29,37): error C2065: 'SNAKE': undeclared identifier
C:\Users\Carlos\source\repos\SFMLTRY\SFMLTRY\Gameplay.cpp(31,56): error C2065: 'GRASS': undeclared identifier
C:\Users\Carlos\source\repos\SFMLTRY\SFMLTRY\Gameplay.cpp(36,57): error C2065: 'WALL': undeclared identifier
C:\Users\Carlos\source\repos\SFMLTRY\SFMLTRY\Gameplay.cpp(41,64): warning C4244: 'argument': conversion from 'T' to 'float', possible loss of data
          with
          [
              T=unsigned int
          ]
C:\Users\Carlos\source\repos\SFMLTRY\SFMLTRY\Gameplay.cpp(45,61): warning C4244: 'argument': conversion from 'T' to 'float', possible loss of data
          with
          [
              T=unsigned int
          ]
C:\Users\Carlos\source\repos\SFMLTRY\SFMLTRY\Gameplay.cpp(47,55): error C2065: 'FOOD': undeclared identifier
C:\Users\Carlos\source\repos\SFMLTRY\SFMLTRY\Gameplay.cpp(48,95): warning C4244: 'argument': conversion from 'T' to 'float', possible loss of data
          with
          [
              T=unsigned int
          ]
C:\Users\Carlos\source\repos\SFMLTRY\SFMLTRY\Gameplay.cpp(48,57): warning C4244: 'argument': conversion from 'T' to 'float', possible loss of data
          with
          [
              T=unsigned int
          ]
C:\Users\Carlos\source\repos\SFMLTRY\SFMLTRY\Gameplay.cpp(50,50): error C2065: 'SNAKE': undeclared identifier
C:\Users\Carlos\source\repos\SFMLTRY\SFMLTRY\Gameplay.cpp(122,26): error C2039: 'clamp': is not a member of 'std'
C:\Program Files (x86)\Microsoft Visual Studio\2019\Community\VC\Tools\MSVC\14.25.28610\include\list(24): message : see declaration of 'std'
C:\Users\Carlos\source\repos\SFMLTRY\SFMLTRY\Gameplay.cpp(122,31): error C2065: 'clamp': undeclared identifier
C:\Users\Carlos\source\repos\SFMLTRY\SFMLTRY\Gameplay.cpp(122,35): error C2062: type 'int' unexpected
C:\Users\Carlos\source\repos\SFMLTRY\SFMLTRY\Gameplay.cpp(123,26): error C2039: 'clamp': is not a member of 'std'
C:\Program Files (x86)\Microsoft Visual Studio\2019\Community\VC\Tools\MSVC\14.25.28610\include\list(24): message : see declaration of 'std'
C:\Users\Carlos\source\repos\SFMLTRY\SFMLTRY\Gameplay.cpp(123,31): error C2065: 'clamp': undeclared identifier
C:\Users\Carlos\source\repos\SFMLTRY\SFMLTRY\Gameplay.cpp(123,35): error C2062: type 'int' unexpected
C:\Users\Carlos\source\repos\SFMLTRY\SFMLTRY\Gameplay.cpp(125,39): warning C4244: 'argument': conversion from 'int' to 'float', possible loss of data
C:\Users\Carlos\source\repos\SFMLTRY\SFMLTRY\Gameplay.cpp(125,36): warning C4244: 'argument': conversion from 'int' to 'float', possible loss of data
  main.cpp
C:\Users\Carlos\source\repos\SFMLTRY\SFMLTRY\main.cpp(136,8): error C4996: 'sf::Text::setColor': was declared deprecated
C:\Users\Carlos\source\repos\SFMLTRY\SFMLTRY\main.cpp(187,13): warning C4244: 'argument': conversion from 'time_t' to 'unsigned int', possible loss of data
C:\Users\Carlos\source\repos\SFMLTRY\SFMLTRY\main.cpp(189,10): warning C4244: 'initializing': conversion from 'int' to 'float', possible loss of data
C:\Users\Carlos\source\repos\SFMLTRY\SFMLTRY\main.cpp(190,10): warning C4244: 'initializing': conversion from 'int' to 'float', possible loss of data
C:\Users\Carlos\source\repos\SFMLTRY\SFMLTRY\main.cpp(281,6): error C4996: 'sf::Text::setColor': was declared deprecated
C:\Users\Carlos\source\repos\SFMLTRY\SFMLTRY\main.cpp(367,8): error C4996: 'sf::Text::setColor': was declared deprecated
C:\Users\Carlos\source\repos\SFMLTRY\SFMLTRY\main.cpp(374,6): error C4996: 'sf::Text::setColor': was declared deprecated
C:\Users\Carlos\source\repos\SFMLTRY\SFMLTRY\main.cpp(382,7): error C4996: 'sf::Text::setColor': was declared deprecated
C:\Users\Carlos\source\repos\SFMLTRY\SFMLTRY\main.cpp(395,1): warning C4326: return type of 'main' should be 'int' instead of 'void'
  MainMenu.cpp
C:\Users\Carlos\source\repos\SFMLTRY\SFMLTRY\MainMenu.cpp(25,62): warning C4244: 'argument': conversion from 'T' to 'float', possible loss of data
          with
          [
              T=unsigned int
          ]
C:\Users\Carlos\source\repos\SFMLTRY\SFMLTRY\MainMenu.cpp(33,63): warning C4244: 'argument': conversion from 'T' to 'float', possible loss of data
          with
          [
              T=unsigned int
          ]
C:\Users\Carlos\source\repos\SFMLTRY\SFMLTRY\MainMenu.cpp(42,63): warning C4244: 'argument': conversion from 'T' to 'float', possible loss of data
          with
          [
              T=unsigned int
          ]
C:\Users\Carlos\source\repos\SFMLTRY\SFMLTRY\MainMenu.cpp(118,51): error C2065: 'GamePlay': undeclared identifier
C:\Users\Carlos\source\repos\SFMLTRY\SFMLTRY\MainMenu.cpp(118,39): error C2672: 'std::make_unique': no matching overloaded function found
C:\Users\Carlos\source\repos\SFMLTRY\SFMLTRY\MainMenu.cpp(118,70): error C2974: 'std::make_unique': invalid template argument for '_Ty', type expected
C:\Program Files (x86)\Microsoft Visual Studio\2019\Community\VC\Tools\MSVC\14.25.28610\include\memory(2074): message : see declaration of 'std::make_unique'
  PauseGame.cpp
C:\Users\Carlos\source\repos\SFMLTRY\SFMLTRY\PauseGame.cpp(22,42): warning C4244: 'argument': conversion from 'T' to 'float', possible loss of data
          with
          [
              T=unsigned int
          ]
C:\Users\Carlos\source\repos\SFMLTRY\SFMLTRY\PauseGame.cpp(21,63): warning C4244: 'argument': conversion from 'T' to 'float', possible loss of data
          with
          [
              T=unsigned int
          ]
  StateManager.cpp
  Generating Code...
