c:\users\carlos\source\repos\game\game\debug\vc142.pdb
c:\users\carlos\source\repos\game\game\debug\vc142.idb
c:\users\carlos\source\repos\game\game\debug\maincpp.obj
c:\users\carlos\source\repos\game\game\debug\texturemanager.obj
c:\users\carlos\source\repos\game\game\debug\juego.obj
c:\users\carlos\source\repos\game\game\debug\gameobj.obj
c:\users\carlos\source\repos\game\game\debug\inicio.obj
c:\users\carlos\source\repos\game\game\debug\mapa.obj
c:\users\carlos\source\repos\game\game\debug\playerobj.obj
c:\users\carlos\source\repos\game\game\debug\menua.obj
c:\users\carlos\source\repos\game\game\debug\manzanaobj.obj
c:\users\carlos\source\repos\game\debug\game.exe
c:\users\carlos\source\repos\game\debug\game.ilk
c:\users\carlos\source\repos\game\debug\game.pdb
c:\users\carlos\source\repos\game\game\debug\game.tlog\cl.command.1.tlog
c:\users\carlos\source\repos\game\game\debug\game.tlog\cl.read.1.tlog
c:\users\carlos\source\repos\game\game\debug\game.tlog\cl.write.1.tlog
c:\users\carlos\source\repos\game\game\debug\game.tlog\link.command.1.tlog
c:\users\carlos\source\repos\game\game\debug\game.tlog\link.read.1.tlog
c:\users\carlos\source\repos\game\game\debug\game.tlog\link.write.1.tlog
